{
"/Users/patrickvanvuuren/Developer/Personal/React/UnitTesting/MyComponent.js":{"path":"/Users/patrickvanvuuren/Developer/Personal/React/UnitTesting/MyComponent.js","statementMap":{"1":{"start":{"line":1,"column":39},"end":{"line":1,"column":101}},"2":{"start":{"line":1,"column":120},"end":{"line":1,"column":649}},"3":{"start":{"line":1,"column":175},"end":{"line":1,"column":440}},"4":{"start":{"line":1,"column":232},"end":{"line":1,"column":240}},"5":{"start":{"line":1,"column":241},"end":{"line":1,"column":296}},"6":{"start":{"line":1,"column":296},"end":{"line":1,"column":327}},"7":{"start":{"line":1,"column":327},"end":{"line":1,"column":381}},"8":{"start":{"line":1,"column":354},"end":{"line":1,"column":381}},"9":{"start":{"line":1,"column":381},"end":{"line":1,"column":439}},"10":{"start":{"line":1,"column":441},"end":{"line":1,"column":646}},"11":{"start":{"line":1,"column":497},"end":{"line":1,"column":565}},"12":{"start":{"line":1,"column":513},"end":{"line":1,"column":565}},"13":{"start":{"line":1,"column":565},"end":{"line":1,"column":625}},"14":{"start":{"line":1,"column":582},"end":{"line":1,"column":625}},"15":{"start":{"line":1,"column":625},"end":{"line":1,"column":644}},"16":{"start":{"line":1,"column":816},"end":{"line":1,"column":870}},"17":{"start":{"line":1,"column":920},"end":{"line":1,"column":1019}},"18":{"start":{"line":1,"column":961},"end":{"line":1,"column":1018}},"19":{"start":{"line":1,"column":1069},"end":{"line":1,"column":1168}},"20":{"start":{"line":1,"column":1081},"end":{"line":1,"column":1167}},"21":{"start":{"line":1,"column":1168},"end":{"line":1,"column":1254}},"22":{"start":{"line":1,"column":1297},"end":{"line":1,"column":1460}},"23":{"start":{"line":1,"column":1359},"end":{"line":1,"column":1459}},"24":{"start":{"line":1,"column":1460},"end":{"line":1,"column":1624}},"25":{"start":{"line":1,"column":1624},"end":{"line":1,"column":1742}},"26":{"start":{"line":1,"column":1640},"end":{"line":1,"column":1742}},"27":{"start":{"line":3,"column":14},"end":{"line":26,"column":88}},"28":{"start":{"line":3,"column":43},"end":{"line":3,"column":84}},"29":{"start":{"line":3,"column":108},"end":{"line":3,"column":143}},"30":{"start":{"line":3,"column":143},"end":{"line":3,"column":242}},"31":{"start":{"line":3,"column":243},"end":{"line":26,"column":14}},"32":{"start":{"line":6,"column":12},"end":{"line":7,"column":31}},"33":{"start":{"line":12,"column":12},"end":{"line":13,"column":32}},"34":{"start":{"line":18,"column":12},"end":{"line":23,"column":58}},"35":{"start":{"line":26,"column":14},"end":{"line":26,"column":33}},"36":{"start":{"line":29,"column":0},"end":{"line":31,"column":72}},"37":{"start":{"line":34,"column":0},"end":{"line":36,"column":16}}},"fnMap":{"1":{"name":"(anonymous_1)","decl":{"start":{"line":1,"column":120},"end":{"line":1,"column":121}},"loc":{"start":{"line":1,"column":132},"end":{"line":1,"column":647}}},"2":{"name":"defineProperties","decl":{"start":{"line":1,"column":142},"end":{"line":1,"column":158}},"loc":{"start":{"line":1,"column":174},"end":{"line":1,"column":441}}},"3":{"name":"(anonymous_3)","decl":{"start":{"line":1,"column":448},"end":{"line":1,"column":449}},"loc":{"start":{"line":1,"column":496},"end":{"line":1,"column":645}}},"4":{"name":"_interopRequireDefault","decl":{"start":{"line":1,"column":787},"end":{"line":1,"column":809}},"loc":{"start":{"line":1,"column":815},"end":{"line":1,"column":871}}},"5":{"name":"_classCallCheck","decl":{"start":{"line":1,"column":880},"end":{"line":1,"column":895}},"loc":{"start":{"line":1,"column":919},"end":{"line":1,"column":1020}}},"6":{"name":"_possibleConstructorReturn","decl":{"start":{"line":1,"column":1029},"end":{"line":1,"column":1055}},"loc":{"start":{"line":1,"column":1068},"end":{"line":1,"column":1255}}},"7":{"name":"_inherits","decl":{"start":{"line":1,"column":1264},"end":{"line":1,"column":1273}},"loc":{"start":{"line":1,"column":1296},"end":{"line":1,"column":1743}}},"8":{"name":"(anonymous_8)","decl":{"start":{"line":3,"column":14},"end":{"line":3,"column":15}},"loc":{"start":{"line":3,"column":42},"end":{"line":26,"column":34}}},"9":{"name":"MyComponent","decl":{"start":{"line":3,"column":93},"end":{"line":3,"column":104}},"loc":{"start":{"line":3,"column":107},"end":{"line":3,"column":243}}},"10":{"name":"handleMouseOver","decl":{"start":{"line":3,"column":312},"end":{"line":3,"column":327}},"loc":{"start":{"line":5,"column":8},"end":{"line":9,"column":9}}},"11":{"name":"handleMouseOut","decl":{"start":{"line":9,"column":54},"end":{"line":9,"column":68}},"loc":{"start":{"line":11,"column":8},"end":{"line":15,"column":9}}},"12":{"name":"render","decl":{"start":{"line":15,"column":46},"end":{"line":15,"column":52}},"loc":{"start":{"line":17,"column":8},"end":{"line":26,"column":9}}}},"branchMap":{"1":{"loc":{"start":{"line":1,"column":265},"end":{"line":1,"column":295}},"type":"binary-expr","locations":[{"start":{"line":1,"column":265},"end":{"line":1,"column":286}},{"start":{"line":1,"column":290},"end":{"line":1,"column":295}}]},"2":{"loc":{"start":{"line":1,"column":327},"end":{"line":1,"column":381}},"type":"if","locations":[{"start":{"line":1,"column":327},"end":{"line":1,"column":381}},{"start":{"line":1,"column":327},"end":{"line":1,"column":381}}]},"3":{"loc":{"start":{"line":1,"column":497},"end":{"line":1,"column":565}},"type":"if","locations":[{"start":{"line":1,"column":497},"end":{"line":1,"column":565}},{"start":{"line":1,"column":497},"end":{"line":1,"column":565}}]},"4":{"loc":{"start":{"line":1,"column":565},"end":{"line":1,"column":625}},"type":"if","locations":[{"start":{"line":1,"column":565},"end":{"line":1,"column":625}},{"start":{"line":1,"column":565},"end":{"line":1,"column":625}}]},"5":{"loc":{"start":{"line":1,"column":823},"end":{"line":1,"column":869}},"type":"cond-expr","locations":[{"start":{"line":1,"column":847},"end":{"line":1,"column":850}},{"start":{"line":1,"column":853},"end":{"line":1,"column":869}}]},"6":{"loc":{"start":{"line":1,"column":823},"end":{"line":1,"column":844}},"type":"binary-expr","locations":[{"start":{"line":1,"column":823},"end":{"line":1,"column":826}},{"start":{"line":1,"column":830},"end":{"line":1,"column":844}}]},"7":{"loc":{"start":{"line":1,"column":920},"end":{"line":1,"column":1019}},"type":"if","locations":[{"start":{"line":1,"column":920},"end":{"line":1,"column":1019}},{"start":{"line":1,"column":920},"end":{"line":1,"column":1019}}]},"8":{"loc":{"start":{"line":1,"column":1069},"end":{"line":1,"column":1168}},"type":"if","locations":[{"start":{"line":1,"column":1069},"end":{"line":1,"column":1168}},{"start":{"line":1,"column":1069},"end":{"line":1,"column":1168}}]},"9":{"loc":{"start":{"line":1,"column":1175},"end":{"line":1,"column":1253}},"type":"cond-expr","locations":[{"start":{"line":1,"column":1242},"end":{"line":1,"column":1246}},{"start":{"line":1,"column":1249},"end":{"line":1,"column":1253}}]},"10":{"loc":{"start":{"line":1,"column":1175},"end":{"line":1,"column":1239}},"type":"binary-expr","locations":[{"start":{"line":1,"column":1175},"end":{"line":1,"column":1179}},{"start":{"line":1,"column":1184},"end":{"line":1,"column":1208}},{"start":{"line":1,"column":1212},"end":{"line":1,"column":1238}}]},"11":{"loc":{"start":{"line":1,"column":1297},"end":{"line":1,"column":1460}},"type":"if","locations":[{"start":{"line":1,"column":1297},"end":{"line":1,"column":1460}},{"start":{"line":1,"column":1297},"end":{"line":1,"column":1460}}]},"12":{"loc":{"start":{"line":1,"column":1301},"end":{"line":1,"column":1356}},"type":"binary-expr","locations":[{"start":{"line":1,"column":1301},"end":{"line":1,"column":1333}},{"start":{"line":1,"column":1337},"end":{"line":1,"column":1356}}]},"13":{"loc":{"start":{"line":1,"column":1495},"end":{"line":1,"column":1529}},"type":"binary-expr","locations":[{"start":{"line":1,"column":1495},"end":{"line":1,"column":1505}},{"start":{"line":1,"column":1509},"end":{"line":1,"column":1529}}]},"14":{"loc":{"start":{"line":1,"column":1624},"end":{"line":1,"column":1742}},"type":"if","locations":[{"start":{"line":1,"column":1624},"end":{"line":1,"column":1742}},{"start":{"line":1,"column":1624},"end":{"line":1,"column":1742}}]},"15":{"loc":{"start":{"line":1,"column":1640},"end":{"line":1,"column":1741}},"type":"cond-expr","locations":[{"start":{"line":1,"column":1664},"end":{"line":1,"column":1707}},{"start":{"line":1,"column":1710},"end":{"line":1,"column":1741}}]}},"s":{"1":1,"2":1,"3":1,"4":3,"5":3,"6":3,"7":3,"8":3,"9":3,"10":1,"11":1,"12":1,"13":1,"14":0,"15":1,"16":1,"17":5,"18":0,"19":5,"20":0,"21":5,"22":1,"23":0,"24":1,"25":1,"26":1,"27":1,"28":1,"29":5,"30":5,"31":1,"32":1,"33":1,"34":7,"35":1,"36":1,"37":1},"f":{"1":1,"2":1,"3":1,"4":1,"5":5,"6":5,"7":1,"8":1,"9":5,"10":1,"11":1,"12":7},"b":{"1":[3,3],"2":[3,0],"3":[1,0],"4":[0,1],"5":[0,1],"6":[1,1],"7":[0,5],"8":[0,5],"9":[0,5],"10":[5,0,0],"11":[0,1],"12":[1,0],"13":[1,1],"14":[1,0],"15":[1,0]},"hash":"28ab060086a9b8042dd3485a908eacd4ecf71586","l":{"1":5,"3":5,"6":1,"12":1,"18":7,"26":1,"29":1,"34":1}}}
