TN:
SF:/Users/patrickvanvuuren/Developer/Personal/React/UnitTesting/MyComponent.js
FN:,(anonymous_1)
FN:,defineProperties
FN:,(anonymous_3)
FN:,_interopRequireDefault
FN:,_classCallCheck
FN:,_possibleConstructorReturn
FN:,_inherits
FN:,(anonymous_8)
FN:,MyComponent
FN:,handleMouseOver
FN:,handleMouseOut
FN:,render
FNF:12
FNH:12
FNDA:1,(anonymous_1)
FNDA:1,defineProperties
FNDA:1,(anonymous_3)
FNDA:1,_interopRequireDefault
FNDA:5,_classCallCheck
FNDA:5,_possibleConstructorReturn
FNDA:1,_inherits
FNDA:1,(anonymous_8)
FNDA:5,MyComponent
FNDA:1,handleMouseOver
FNDA:1,handleMouseOut
FNDA:7,render
DA:1,5
DA:3,5
DA:6,1
DA:12,1
DA:18,7
DA:26,1
DA:29,1
DA:34,1
LF:8
LH:8
BRDA:,1,0,3
BRDA:,1,1,3
BRDA:,2,0,3
BRDA:,2,1,0
BRDA:,3,0,1
BRDA:,3,1,0
BRDA:,4,0,0
BRDA:,4,1,1
BRDA:,5,0,0
BRDA:,5,1,1
BRDA:,6,0,1
BRDA:,6,1,1
BRDA:,7,0,0
BRDA:,7,1,5
BRDA:,8,0,0
BRDA:,8,1,5
BRDA:,9,0,0
BRDA:,9,1,5
BRDA:,10,0,5
BRDA:,10,1,0
BRDA:,10,2,0
BRDA:,11,0,0
BRDA:,11,1,1
BRDA:,12,0,1
BRDA:,12,1,0
BRDA:,13,0,1
BRDA:,13,1,1
BRDA:,14,0,1
BRDA:,14,1,0
BRDA:,15,0,1
BRDA:,15,1,0
BRF:31
BRH:18
end_of_record
